<?xml version="1.0" encoding="UTF-8"?>
<!-- Generated by org.testng.reporters.JUnitXMLReporter -->
<testsuite hostname="ATH57013" failures="0" tests="4" name="Default test" time="0.031" errors="0" timestamp="6 Sep 2021 08:53:11 GMT">
  <testcase classname="com.qa.test.DemoTestt" name="browserlaunch" time="0.01"/>
  <testcase classname="com.qa.test.DemoTestt" name="closAll" time="0.002"/>
  <testcase classname="com.qa.test.DemoTestt" name="getUrl" time="0.001"/>
  <testcase classname="com.qa.test.DemoTestt" name="screenMax" time="0.0"/>
</testsuite> <!-- Default test -->
