<?xml version="1.0" encoding="UTF-8"?>
<testng-results total="4" passed="4" failed="0" skipped="0">
  <reporter-output>
  </reporter-output>
  <suite started-at="2021-09-06T08:53:11Z" name="Default suite" finished-at="2021-09-06T08:53:11Z" duration-ms="31">
    <groups>
    </groups>
    <test started-at="2021-09-06T08:53:11Z" name="Default test" finished-at="2021-09-06T08:53:11Z" duration-ms="31">
      <class name="com.qa.test.DemoTestt">
        <test-method signature="browserlaunch()[pri:0, instance:com.qa.test.DemoTestt@135606db]" started-at="2021-09-06T14:23:11Z" name="browserlaunch" finished-at="2021-09-06T14:23:11Z" duration-ms="10" status="PASS">
          <reporter-output>
          </reporter-output>
        </test-method> <!-- browserlaunch -->
        <test-method signature="closAll()[pri:0, instance:com.qa.test.DemoTestt@135606db]" started-at="2021-09-06T14:23:11Z" name="closAll" finished-at="2021-09-06T14:23:11Z" duration-ms="2" status="PASS">
          <reporter-output>
          </reporter-output>
        </test-method> <!-- closAll -->
        <test-method signature="getUrl()[pri:0, instance:com.qa.test.DemoTestt@135606db]" started-at="2021-09-06T14:23:11Z" name="getUrl" finished-at="2021-09-06T14:23:11Z" duration-ms="1" status="PASS">
          <reporter-output>
          </reporter-output>
        </test-method> <!-- getUrl -->
        <test-method signature="screenMax()[pri:0, instance:com.qa.test.DemoTestt@135606db]" started-at="2021-09-06T14:23:11Z" name="screenMax" finished-at="2021-09-06T14:23:11Z" duration-ms="0" status="PASS">
          <reporter-output>
          </reporter-output>
        </test-method> <!-- screenMax -->
      </class> <!-- com.qa.test.DemoTestt -->
    </test> <!-- Default test -->
  </suite> <!-- Default suite -->
</testng-results>
